<?xml version="1.0" encoding="UTF-8"?>
<!-- Generated by org.testng.reporters.JUnitReportReporter -->
<testsuite hostname="DESKTOP-DO4RSNU" failures="0" tests="1" name="com.tdc.lms.testcases.MyCartPageTest" time="8.763" errors="0" timestamp="20 Nov 2022 00:44:42 GMT" skipped="0">
  <testcase classname="com.tdc.lms.testcases.MyCartPageTest" name="login" time="8.763"/>
</testsuite> <!-- com.tdc.lms.testcases.MyCartPageTest -->
