<?xml version="1.0" encoding="UTF-8"?>
<!-- Generated by org.testng.reporters.JUnitReportReporter -->
<testsuite hostname="DESKTOP-DO4RSNU" failures="0" tests="2" name="com.tdc.lms.testcases.MyProfilePageTest" time="8.578" errors="0" timestamp="20 Nov 2022 01:04:20 GMT" skipped="0">
  <testcase classname="com.tdc.lms.testcases.MyProfilePageTest" name="goToMyCourses" time="4.362"/>
  <testcase classname="com.tdc.lms.testcases.MyProfilePageTest" name="goToBookmarkedArticles" time="4.216"/>
</testsuite> <!-- com.tdc.lms.testcases.MyProfilePageTest -->
