<?xml version="1.0" encoding="UTF-8"?>
<!-- Generated by org.testng.reporters.JUnitReportReporter -->
<testsuite hostname="DESKTOP-DO4RSNU" failures="0" tests="3" name="com.tdc.lms.testcases.LogoutPageTest" time="11.437" errors="0" timestamp="20 Nov 2022 01:04:20 GMT" skipped="0">
  <testcase classname="com.tdc.lms.testcases.LogoutPageTest" name="logOut" time="3.501"/>
  <testcase classname="com.tdc.lms.testcases.LogoutPageTest" name="logOut" time="4.074"/>
  <testcase classname="com.tdc.lms.testcases.LogoutPageTest" name="logOut" time="3.862"/>
</testsuite> <!-- com.tdc.lms.testcases.LogoutPageTest -->
